# JRE version: OpenJDK Runtime Environment (8.0_152-b01) (build 1.8.0_152-release-1248-b01)
# Java VM: OpenJDK 64-Bit Server VM (25.152-b01 mixed mode windows-amd64 compressed oops)
Heap:
 PSYoungGen      total 133632K, used 25533K [0x00000000e0000000, 0x00000000e9600000, 0x0000000100000000)
  eden space 119808K, 21% used [0x00000000e0000000,0x00000000e18ef6d0,0x00000000e7500000)
  from space 13824K, 0% used [0x00000000e8300000,0x00000000e8300000,0x00000000e9080000)
  to   space 14336K, 0% used [0x00000000e7500000,0x00000000e7500000,0x00000000e8300000)
 ParOldGen       total 129536K, used 29653K [0x00000000a0000000, 0x00000000a7e80000, 0x00000000e0000000)
  object space 129536K, 22% used [0x00000000a0000000,0x00000000a1cf5508,0x00000000a7e80000)
 Metaspace       used 57958K, capacity 59438K, committed 59560K, reserved 1099776K
  class space    used 7901K, capacity 8320K, committed 8368K, reserved 1048576K
GC Heap History (10 events):
Event: 26.016 GC heap before
{Heap before GC invocations=13 (full 2):
 PSYoungGen      total 80384K, used 72192K [0x00000000e0000000, 0x00000000e5a80000, 0x0000000100000000)
  eden space 72192K, 100% used [0x00000000e0000000,0x00000000e4680000,0x00000000e4680000)
  from space 8192K, 0% used [0x00000000e5280000,0x00000000e5280000,0x00000000e5a80000)
  to   space 10240K, 0% used [0x00000000e4680000,0x00000000e4680000,0x00000000e5080000)
 ParOldGen       total 89088K, used 16595K [0x00000000a0000000, 0x00000000a5700000, 0x00000000e0000000)
  object space 89088K, 18% used [0x00000000a0000000,0x00000000a1034d58,0x00000000a5700000)
 Metaspace       used 41900K, capacity 42574K, committed 42792K, reserved 1085440K
  class space    used 5656K, capacity 5935K, committed 5936K, reserved 1048576K
Event: 26.037 GC heap after
Heap after GC invocations=13 (full 2):
 PSYoungGen      total 82432K, used 10235K [0x00000000e0000000, 0x00000000e7280000, 0x0000000100000000)
  eden space 72192K, 0% used [0x00000000e0000000,0x00000000e0000000,0x00000000e4680000)
  from space 10240K, 99% used [0x00000000e4680000,0x00000000e507edf0,0x00000000e5080000)
  to   space 11776K, 0% used [0x00000000e6700000,0x00000000e6700000,0x00000000e7280000)
 ParOldGen       total 89088K, used 17771K [0x00000000a0000000, 0x00000000a5700000, 0x00000000e0000000)
  object space 89088K, 19% used [0x00000000a0000000,0x00000000a115af20,0x00000000a5700000)
 Metaspace       used 41900K, capacity 42574K, committed 42792K, reserved 1085440K
  class space    used 5656K, capacity 5935K, committed 5936K, reserved 1048576K
}
Event: 28.121 GC heap before
{Heap before GC invocations=14 (full 2):
 PSYoungGen      total 82432K, used 82427K [0x00000000e0000000, 0x00000000e7280000, 0x0000000100000000)
  eden space 72192K, 100% used [0x00000000e0000000,0x00000000e4680000,0x00000000e4680000)
  from space 10240K, 99% used [0x00000000e4680000,0x00000000e507edf0,0x00000000e5080000)
  to   space 11776K, 0% used [0x00000000e6700000,0x00000000e6700000,0x00000000e7280000)
 ParOldGen       total 89088K, used 17771K [0x00000000a0000000, 0x00000000a5700000, 0x00000000e0000000)
  object space 89088K, 19% used [0x00000000a0000000,0x00000000a115af20,0x00000000a5700000)
 Metaspace       used 48188K, capacity 49100K, committed 49320K, reserved 1091584K
  class space    used 6515K, capacity 6827K, committed 6832K, reserved 1048576K
Event: 28.136 GC heap after
Heap after GC invocations=14 (full 2):
 PSYoungGen      total 104448K, used 7302K [0x00000000e0000000, 0x00000000e7200000, 0x0000000100000000)
  eden space 93184K, 0% used [0x00000000e0000000,0x00000000e0000000,0x00000000e5b00000)
  from space 11264K, 64% used [0x00000000e6700000,0x00000000e6e21910,0x00000000e7200000)
  to   space 11776K, 0% used [0x00000000e5b00000,0x00000000e5b00000,0x00000000e6680000)
 ParOldGen       total 89088K, used 23412K [0x00000000a0000000, 0x00000000a5700000, 0x00000000e0000000)
  object space 89088K, 26% used [0x00000000a0000000,0x00000000a16dd0b8,0x00000000a5700000)
 Metaspace       used 48188K, capacity 49100K, committed 49320K, reserved 1091584K
  class space    used 6515K, capacity 6827K, committed 6832K, reserved 1048576K
}
Event: 30.647 GC heap before
{Heap before GC invocations=15 (full 2):
 PSYoungGen      total 104448K, used 100486K [0x00000000e0000000, 0x00000000e7200000, 0x0000000100000000)
  eden space 93184K, 100% used [0x00000000e0000000,0x00000000e5b00000,0x00000000e5b00000)
  from space 11264K, 64% used [0x00000000e6700000,0x00000000e6e21910,0x00000000e7200000)
  to   space 11776K, 0% used [0x00000000e5b00000,0x00000000e5b00000,0x00000000e6680000)
 ParOldGen       total 89088K, used 23412K [0x00000000a0000000, 0x00000000a5700000, 0x00000000e0000000)
  object space 89088K, 26% used [0x00000000a0000000,0x00000000a16dd0b8,0x00000000a5700000)
 Metaspace       used 56099K, capacity 57580K, committed 57768K, reserved 1099776K
  class space    used 7649K, capacity 8077K, committed 8112K, reserved 1048576K
Event: 30.669 GC heap after
Heap after GC invocations=15 (full 2):
 PSYoungGen      total 104960K, used 11749K [0x00000000e0000000, 0x00000000e9080000, 0x0000000100000000)
  eden space 93184K, 0% used [0x00000000e0000000,0x00000000e0000000,0x00000000e5b00000)
  from space 11776K, 99% used [0x00000000e5b00000,0x00000000e6679798,0x00000000e6680000)
  to   space 13824K, 0% used [0x00000000e8300000,0x00000000e8300000,0x00000000e9080000)
 ParOldGen       total 89088K, used 26378K [0x00000000a0000000, 0x00000000a5700000, 0x00000000e0000000)
  object space 89088K, 29% used [0x00000000a0000000,0x00000000a19c2938,0x00000000a5700000)
 Metaspace       used 56099K, capacity 57580K, committed 57768K, reserved 1099776K
  class space    used 7649K, capacity 8077K, committed 8112K, reserved 1048576K
}
Event: 31.217 GC heap before
{Heap before GC invocations=16 (full 2):
 PSYoungGen      total 104960K, used 35160K [0x00000000e0000000, 0x00000000e9080000, 0x0000000100000000)
  eden space 93184K, 25% used [0x00000000e0000000,0x00000000e16dc998,0x00000000e5b00000)
  from space 11776K, 99% used [0x00000000e5b00000,0x00000000e6679798,0x00000000e6680000)
  to   space 13824K, 0% used [0x00000000e8300000,0x00000000e8300000,0x00000000e9080000)
 ParOldGen       total 89088K, used 26378K [0x00000000a0000000, 0x00000000a5700000, 0x00000000e0000000)
  object space 89088K, 29% used [0x00000000a0000000,0x00000000a19c2938,0x00000000a5700000)
 Metaspace       used 57619K, capacity 59068K, committed 59160K, reserved 1099776K
  class space    used 7876K, capacity 8285K, committed 8368K, reserved 1048576K
Event: 31.229 GC heap after
Heap after GC invocations=16 (full 2):
 PSYoungGen      total 133632K, used 2489K [0x00000000e0000000, 0x00000000e9600000, 0x0000000100000000)
  eden space 119808K, 0% used [0x00000000e0000000,0x00000000e0000000,0x00000000e7500000)
  from space 13824K, 18% used [0x00000000e8300000,0x00000000e856e780,0x00000000e9080000)
  to   space 14336K, 0% used [0x00000000e7500000,0x00000000e7500000,0x00000000e8300000)
 ParOldGen       total 89088K, used 34364K [0x00000000a0000000, 0x00000000a5700000, 0x00000000e0000000)
  object space 89088K, 38% used [0x00000000a0000000,0x00000000a218f348,0x00000000a5700000)
 Metaspace       used 57619K, capacity 59068K, committed 59160K, reserved 1099776K
  class space    used 7876K, capacity 8285K, committed 8368K, reserved 1048576K
}
Event: 31.229 GC heap before
{Heap before GC invocations=17 (full 3):
 PSYoungGen      total 133632K, used 2489K [0x00000000e0000000, 0x00000000e9600000, 0x0000000100000000)
  eden space 119808K, 0% used [0x00000000e0000000,0x00000000e0000000,0x00000000e7500000)
  from space 13824K, 18% used [0x00000000e8300000,0x00000000e856e780,0x00000000e9080000)
  to   space 14336K, 0% used [0x00000000e7500000,0x00000000e7500000,0x00000000e8300000)
 ParOldGen       total 89088K, used 34364K [0x00000000a0000000, 0x00000000a5700000, 0x00000000e0000000)
  object space 89088K, 38% used [0x00000000a0000000,0x00000000a218f348,0x00000000a5700000)
 Metaspace       used 57619K, capacity 59068K, committed 59160K, reserved 1099776K
  class space    used 7876K, capacity 8285K, committed 8368K, reserved 1048576K
Event: 31.499 GC heap after
Heap after GC invocations=17 (full 3):
 PSYoungGen      total 133632K, used 0K [0x00000000e0000000, 0x00000000e9600000, 0x0000000100000000)
  eden space 119808K, 0% used [0x00000000e0000000,0x00000000e0000000,0x00000000e7500000)
  from space 13824K, 0% used [0x00000000e8300000,0x00000000e8300000,0x00000000e9080000)
  to   space 14336K, 0% used [0x00000000e7500000,0x00000000e7500000,0x00000000e8300000)
 ParOldGen       total 129536K, used 29653K [0x00000000a0000000, 0x00000000a7e80000, 0x00000000e0000000)
  object space 129536K, 22% used [0x00000000a0000000,0x00000000a1cf5508,0x00000000a7e80000)
 Metaspace       used 57619K, capacity 59068K, committed 59160K, reserved 1099776K
  class space    used 7876K, capacity 8285K, committed 8368K, reserved 1048576K
}

